# JRE version: OpenJDK Runtime Environment (11.0.10) (build 11.0.10+0-b96-7249189)
# Java VM: OpenJDK 64-Bit Server VM (11.0.10+0-b96-7249189, mixed mode, tiered, compressed oops, g1 gc, windows-amd64)
Heap:
 garbage-first heap   total 433152K, used 340797K [0x0000000080000000, 0x0000000100000000)
  region size 1024K, 73 young (74752K), 11 survivors (11264K)
 Metaspace       used 106666K, capacity 109961K, committed 110208K, reserved 1144832K
  class space    used 13719K, capacity 14956K, committed 14976K, reserved 1048576K
GC Heap History (20 events):
Event: 231.757 GC heap before
{Heap before GC invocations=57 (full 0):
 garbage-first heap   total 264192K, used 165533K [0x0000000080000000, 0x0000000100000000)
  region size 1024K, 36 young (36864K), 2 survivors (2048K)
 Metaspace       used 95345K, capacity 97780K, committed 97920K, reserved 1134592K
  class space    used 12459K, capacity 13356K, committed 13440K, reserved 1048576K
}
Event: 231.780 GC heap after
{Heap after GC invocations=58 (full 0):
 garbage-first heap   total 264192K, used 143098K [0x0000000080000000, 0x0000000100000000)
  region size 1024K, 5 young (5120K), 5 survivors (5120K)
 Metaspace       used 95345K, capacity 97780K, committed 97920K, reserved 1134592K
  class space    used 12459K, capacity 13356K, committed 13440K, reserved 1048576K
}
Event: 232.760 GC heap before
{Heap before GC invocations=58 (full 0):
 garbage-first heap   total 264192K, used 177914K [0x0000000080000000, 0x0000000100000000)
  region size 1024K, 39 young (39936K), 5 survivors (5120K)
 Metaspace       used 96320K, capacity 98993K, committed 99072K, reserved 1134592K
  class space    used 12602K, capacity 13563K, committed 13568K, reserved 1048576K
}
Event: 232.780 GC heap after
{Heap after GC invocations=59 (full 0):
 garbage-first heap   total 264192K, used 147673K [0x0000000080000000, 0x0000000100000000)
  region size 1024K, 4 young (4096K), 4 survivors (4096K)
 Metaspace       used 96320K, capacity 98993K, committed 99072K, reserved 1134592K
  class space    used 12602K, capacity 13563K, committed 13568K, reserved 1048576K
}
Event: 234.515 GC heap before
{Heap before GC invocations=59 (full 0):
 garbage-first heap   total 264192K, used 186585K [0x0000000080000000, 0x0000000100000000)
  region size 1024K, 39 young (39936K), 4 survivors (4096K)
 Metaspace       used 96376K, capacity 98994K, committed 99072K, reserved 1134592K
  class space    used 12606K, capacity 13563K, committed 13568K, reserved 1048576K
}
Event: 234.530 GC heap after
{Heap after GC invocations=60 (full 0):
 garbage-first heap   total 264192K, used 154344K [0x0000000080000000, 0x0000000100000000)
  region size 1024K, 4 young (4096K), 4 survivors (4096K)
 Metaspace       used 96376K, capacity 98994K, committed 99072K, reserved 1134592K
  class space    used 12606K, capacity 13563K, committed 13568K, reserved 1048576K
}
Event: 237.698 GC heap before
{Heap before GC invocations=60 (full 0):
 garbage-first heap   total 264192K, used 193256K [0x0000000080000000, 0x0000000100000000)
  region size 1024K, 40 young (40960K), 4 survivors (4096K)
 Metaspace       used 96812K, capacity 99473K, committed 99712K, reserved 1134592K
  class space    used 12657K, capacity 13633K, committed 13696K, reserved 1048576K
}
Event: 237.719 GC heap after
{Heap after GC invocations=61 (full 0):
 garbage-first heap   total 433152K, used 162406K [0x0000000080000000, 0x0000000100000000)
  region size 1024K, 5 young (5120K), 5 survivors (5120K)
 Metaspace       used 96812K, capacity 99473K, committed 99712K, reserved 1134592K
  class space    used 12657K, capacity 13633K, committed 13696K, reserved 1048576K
}
Event: 239.160 GC heap before
{Heap before GC invocations=61 (full 0):
 garbage-first heap   total 433152K, used 268902K [0x0000000080000000, 0x0000000100000000)
  region size 1024K, 102 young (104448K), 5 survivors (5120K)
 Metaspace       used 97930K, capacity 100624K, committed 100864K, reserved 1136640K
  class space    used 12754K, capacity 13757K, committed 13824K, reserved 1048576K
}
Event: 239.177 GC heap after
{Heap after GC invocations=62 (full 0):
 garbage-first heap   total 433152K, used 180744K [0x0000000080000000, 0x0000000100000000)
  region size 1024K, 13 young (13312K), 13 survivors (13312K)
 Metaspace       used 97930K, capacity 100624K, committed 100864K, reserved 1136640K
  class space    used 12754K, capacity 13757K, committed 13824K, reserved 1048576K
}
Event: 242.868 GC heap before
{Heap before GC invocations=62 (full 0):
 garbage-first heap   total 433152K, used 289288K [0x0000000080000000, 0x0000000100000000)
  region size 1024K, 114 young (116736K), 13 survivors (13312K)
 Metaspace       used 100393K, capacity 103293K, committed 103552K, reserved 1138688K
  class space    used 13066K, capacity 14171K, committed 14208K, reserved 1048576K
}
Event: 242.917 GC heap after
{Heap after GC invocations=63 (full 0):
 garbage-first heap   total 433152K, used 189315K [0x0000000080000000, 0x0000000100000000)
  region size 1024K, 15 young (15360K), 15 survivors (15360K)
 Metaspace       used 100393K, capacity 103293K, committed 103552K, reserved 1138688K
  class space    used 13066K, capacity 14171K, committed 14208K, reserved 1048576K
}
Event: 248.320 GC heap before
{Heap before GC invocations=63 (full 0):
 garbage-first heap   total 433152K, used 302979K [0x0000000080000000, 0x0000000100000000)
  region size 1024K, 124 young (126976K), 15 survivors (15360K)
 Metaspace       used 104745K, capacity 107927K, committed 108288K, reserved 1142784K
  class space    used 13527K, capacity 14734K, committed 14848K, reserved 1048576K
}
Event: 248.340 GC heap after
{Heap after GC invocations=64 (full 0):
 garbage-first heap   total 433152K, used 187260K [0x0000000080000000, 0x0000000100000000)
  region size 1024K, 4 young (4096K), 4 survivors (4096K)
 Metaspace       used 104745K, capacity 107927K, committed 108288K, reserved 1142784K
  class space    used 13527K, capacity 14734K, committed 14848K, reserved 1048576K
}
Event: 282.678 GC heap before
{Heap before GC invocations=64 (full 0):
 garbage-first heap   total 433152K, used 359292K [0x0000000080000000, 0x0000000100000000)
  region size 1024K, 120 young (122880K), 4 survivors (4096K)
 Metaspace       used 106609K, capacity 109955K, committed 110208K, reserved 1144832K
  class space    used 13719K, capacity 14956K, committed 14976K, reserved 1048576K
}
Event: 282.772 GC heap after
{Heap after GC invocations=65 (full 0):
 garbage-first heap   total 433152K, used 216416K [0x0000000080000000, 0x0000000100000000)
  region size 1024K, 15 young (15360K), 15 survivors (15360K)
 Metaspace       used 106609K, capacity 109955K, committed 110208K, reserved 1144832K
  class space    used 13719K, capacity 14956K, committed 14976K, reserved 1048576K
}
Event: 285.756 GC heap before
{Heap before GC invocations=65 (full 0):
 garbage-first heap   total 433152K, used 324960K [0x0000000080000000, 0x0000000100000000)
  region size 1024K, 122 young (124928K), 15 survivors (15360K)
 Metaspace       used 106643K, capacity 109961K, committed 110208K, reserved 1144832K
  class space    used 13719K, capacity 14956K, committed 14976K, reserved 1048576K
}
Event: 285.970 GC heap after
{Heap after GC invocations=66 (full 0):
 garbage-first heap   total 433152K, used 251448K [0x0000000080000000, 0x0000000100000000)
  region size 1024K, 16 young (16384K), 16 survivors (16384K)
 Metaspace       used 106643K, capacity 109961K, committed 110208K, reserved 1144832K
  class space    used 13719K, capacity 14956K, committed 14976K, reserved 1048576K
}
Event: 289.258 GC heap before
{Heap before GC invocations=66 (full 0):
 garbage-first heap   total 433152K, used 328248K [0x0000000080000000, 0x0000000100000000)
  region size 1024K, 84 young (86016K), 16 survivors (16384K)
 Metaspace       used 106647K, capacity 109961K, committed 110208K, reserved 1144832K
  class space    used 13719K, capacity 14956K, committed 14976K, reserved 1048576K
}
Event: 289.520 GC heap after
{Heap after GC invocations=67 (full 0):
 garbage-first heap   total 433152K, used 272189K [0x0000000080000000, 0x0000000100000000)
  region size 1024K, 11 young (11264K), 11 survivors (11264K)
 Metaspace       used 106647K, capacity 109961K, committed 110208K, reserved 1144832K
  class space    used 13719K, capacity 14956K, committed 14976K, reserved 1048576K
}

